{"/Users/eq04475/rd/fluid-state/packages/engine/src/scope.js": {"path":"/Users/eq04475/rd/fluid-state/packages/engine/src/scope.js","statementMap":{"0":{"start":{"line":24,"column":22},"end":{"line":24,"column":44}},"1":{"start":{"line":25,"column":28},"end":{"line":25,"column":43}},"2":{"start":{"line":26,"column":24},"end":{"line":26,"column":49}},"3":{"start":{"line":27,"column":67},"end":{"line":27,"column":84}},"4":{"start":{"line":28,"column":23},"end":{"line":28,"column":40}},"5":{"start":{"line":29,"column":11},"end":{"line":29,"column":32}},"6":{"start":{"line":30,"column":14},"end":{"line":30,"column":31}},"7":{"start":{"line":31,"column":15},"end":{"line":31,"column":32}},"8":{"start":{"line":33,"column":0},"end":{"line":245,"column":2}},"9":{"start":{"line":34,"column":2},"end":{"line":34,"column":38}},"10":{"start":{"line":36,"column":13},"end":{"line":36,"column":72}},"11":{"start":{"line":36,"column":53},"end":{"line":36,"column":67}},"12":{"start":{"line":39,"column":23},"end":{"line":39,"column":25}},"13":{"start":{"line":42,"column":4},"end":{"line":42,"column":88}},"14":{"start":{"line":45,"column":4},"end":{"line":47,"column":5}},"15":{"start":{"line":46,"column":6},"end":{"line":46,"column":31}},"16":{"start":{"line":49,"column":17},"end":{"line":49,"column":31}},"17":{"start":{"line":50,"column":21},"end":{"line":50,"column":40}},"18":{"start":{"line":53,"column":4},"end":{"line":53,"column":42}},"19":{"start":{"line":56,"column":4},"end":{"line":56,"column":54}},"20":{"start":{"line":58,"column":4},"end":{"line":75,"column":5}},"21":{"start":{"line":59,"column":6},"end":{"line":59,"column":69}},"22":{"start":{"line":62,"column":6},"end":{"line":74,"column":9}},"23":{"start":{"line":63,"column":8},"end":{"line":63,"column":73}},"24":{"start":{"line":64,"column":8},"end":{"line":73,"column":9}},"25":{"start":{"line":66,"column":10},"end":{"line":72,"column":13}},"26":{"start":{"line":67,"column":12},"end":{"line":71,"column":13}},"27":{"start":{"line":68,"column":14},"end":{"line":68,"column":49}},"28":{"start":{"line":70,"column":14},"end":{"line":70,"column":46}},"29":{"start":{"line":78,"column":6},"end":{"line":78,"column":113}},"30":{"start":{"line":79,"column":23},"end":{"line":79,"column":43}},"31":{"start":{"line":80,"column":6},"end":{"line":83,"column":9}},"32":{"start":{"line":82,"column":8},"end":{"line":82,"column":78}},"33":{"start":{"line":82,"column":32},"end":{"line":82,"column":76}},"34":{"start":{"line":86,"column":4},"end":{"line":224,"column":6}},"35":{"start":{"line":92,"column":21},"end":{"line":92,"column":37}},"36":{"start":{"line":93,"column":8},"end":{"line":95,"column":9}},"37":{"start":{"line":94,"column":10},"end":{"line":94,"column":47}},"38":{"start":{"line":96,"column":8},"end":{"line":98,"column":9}},"39":{"start":{"line":97,"column":10},"end":{"line":97,"column":42}},"40":{"start":{"line":99,"column":8},"end":{"line":99,"column":37}},"41":{"start":{"line":102,"column":8},"end":{"line":102,"column":51}},"42":{"start":{"line":103,"column":8},"end":{"line":103,"column":53}},"43":{"start":{"line":106,"column":8},"end":{"line":106,"column":42}},"44":{"start":{"line":107,"column":8},"end":{"line":107,"column":42}},"45":{"start":{"line":110,"column":8},"end":{"line":110,"column":67}},"46":{"start":{"line":112,"column":18},"end":{"line":117,"column":9}},"47":{"start":{"line":120,"column":28},"end":{"line":168,"column":9}},"48":{"start":{"line":122,"column":12},"end":{"line":128,"column":13}},"49":{"start":{"line":124,"column":27},"end":{"line":124,"column":89}},"50":{"start":{"line":125,"column":31},"end":{"line":125,"column":46}},"51":{"start":{"line":126,"column":14},"end":{"line":126,"column":28}},"52":{"start":{"line":127,"column":14},"end":{"line":127,"column":30}},"53":{"start":{"line":131,"column":12},"end":{"line":137,"column":13}},"54":{"start":{"line":132,"column":14},"end":{"line":136,"column":15}},"55":{"start":{"line":133,"column":16},"end":{"line":133,"column":58}},"56":{"start":{"line":135,"column":16},"end":{"line":135,"column":48}},"57":{"start":{"line":139,"column":12},"end":{"line":139,"column":26}},"58":{"start":{"line":142,"column":27},"end":{"line":142,"column":29}},"59":{"start":{"line":143,"column":12},"end":{"line":147,"column":13}},"60":{"start":{"line":144,"column":14},"end":{"line":144,"column":66}},"61":{"start":{"line":145,"column":14},"end":{"line":145,"column":67}},"62":{"start":{"line":146,"column":14},"end":{"line":146,"column":65}},"63":{"start":{"line":149,"column":12},"end":{"line":153,"column":13}},"64":{"start":{"line":150,"column":14},"end":{"line":150,"column":50}},"65":{"start":{"line":152,"column":14},"end":{"line":152,"column":28}},"66":{"start":{"line":156,"column":12},"end":{"line":166,"column":13}},"67":{"start":{"line":157,"column":31},"end":{"line":157,"column":127}},"68":{"start":{"line":157,"column":56},"end":{"line":157,"column":108}},"69":{"start":{"line":158,"column":31},"end":{"line":158,"column":65}},"70":{"start":{"line":159,"column":14},"end":{"line":163,"column":15}},"71":{"start":{"line":160,"column":16},"end":{"line":160,"column":74}},"72":{"start":{"line":160,"column":39},"end":{"line":160,"column":72}},"73":{"start":{"line":162,"column":16},"end":{"line":162,"column":62}},"74":{"start":{"line":165,"column":14},"end":{"line":165,"column":28}},"75":{"start":{"line":170,"column":8},"end":{"line":172,"column":11}},"76":{"start":{"line":171,"column":10},"end":{"line":171,"column":31}},"77":{"start":{"line":174,"column":8},"end":{"line":180,"column":10}},"78":{"start":{"line":178,"column":12},"end":{"line":178,"column":39}},"79":{"start":{"line":183,"column":30},"end":{"line":183,"column":109}},"80":{"start":{"line":187,"column":8},"end":{"line":189,"column":9}},"81":{"start":{"line":188,"column":10},"end":{"line":188,"column":52}},"82":{"start":{"line":192,"column":30},"end":{"line":192,"column":51}},"83":{"start":{"line":193,"column":8},"end":{"line":208,"column":10}},"84":{"start":{"line":195,"column":12},"end":{"line":199,"column":13}},"85":{"start":{"line":196,"column":14},"end":{"line":196,"column":38}},"86":{"start":{"line":198,"column":14},"end":{"line":198,"column":26}},"87":{"start":{"line":202,"column":12},"end":{"line":206,"column":13}},"88":{"start":{"line":203,"column":14},"end":{"line":203,"column":30}},"89":{"start":{"line":205,"column":14},"end":{"line":205,"column":27}},"90":{"start":{"line":211,"column":8},"end":{"line":211,"column":102}},"91":{"start":{"line":213,"column":27},"end":{"line":213,"column":122}},"92":{"start":{"line":214,"column":8},"end":{"line":214,"column":81}},"93":{"start":{"line":217,"column":8},"end":{"line":220,"column":11}},"94":{"start":{"line":219,"column":10},"end":{"line":219,"column":167}},"95":{"start":{"line":222,"column":8},"end":{"line":222,"column":26}},"96":{"start":{"line":226,"column":4},"end":{"line":226,"column":29}},"97":{"start":{"line":229,"column":2},"end":{"line":244,"column":4}},"98":{"start":{"line":232,"column":6},"end":{"line":232,"column":79}},"99":{"start":{"line":233,"column":23},"end":{"line":233,"column":43}},"100":{"start":{"line":234,"column":25},"end":{"line":234,"column":51}},"101":{"start":{"line":235,"column":6},"end":{"line":235,"column":89}},"102":{"start":{"line":236,"column":19},"end":{"line":236,"column":49}},"103":{"start":{"line":237,"column":6},"end":{"line":242,"column":7}},"104":{"start":{"line":238,"column":23},"end":{"line":238,"column":70}},"105":{"start":{"line":239,"column":8},"end":{"line":239,"column":85}},"106":{"start":{"line":241,"column":8},"end":{"line":241,"column":84}}},"fnMap":{"0":{"name":"scopeFactory","decl":{"start":{"line":33,"column":26},"end":{"line":33,"column":38}},"loc":{"start":{"line":33,"column":53},"end":{"line":245,"column":1}},"line":33},"1":{"name":"(anonymous_1)","decl":{"start":{"line":36,"column":48},"end":{"line":36,"column":49}},"loc":{"start":{"line":36,"column":53},"end":{"line":36,"column":67}},"line":36},"2":{"name":"scope","decl":{"start":{"line":41,"column":17},"end":{"line":41,"column":22}},"loc":{"start":{"line":41,"column":54},"end":{"line":227,"column":3}},"line":41},"3":{"name":"(anonymous_3)","decl":{"start":{"line":62,"column":30},"end":{"line":62,"column":31}},"loc":{"start":{"line":62,"column":51},"end":{"line":74,"column":7}},"line":62},"4":{"name":"(anonymous_4)","decl":{"start":{"line":66,"column":23},"end":{"line":66,"column":24}},"loc":{"start":{"line":66,"column":40},"end":{"line":72,"column":11}},"line":66},"5":{"name":"triggerReducers","decl":{"start":{"line":77,"column":13},"end":{"line":77,"column":28}},"loc":{"start":{"line":77,"column":49},"end":{"line":84,"column":5}},"line":77},"6":{"name":"(anonymous_6)","decl":{"start":{"line":80,"column":26},"end":{"line":80,"column":27}},"loc":{"start":{"line":80,"column":43},"end":{"line":83,"column":7}},"line":80},"7":{"name":"(anonymous_7)","decl":{"start":{"line":82,"column":21},"end":{"line":82,"column":22}},"loc":{"start":{"line":82,"column":32},"end":{"line":82,"column":76}},"line":82},"8":{"name":"(anonymous_8)","decl":{"start":{"line":91,"column":6},"end":{"line":91,"column":7}},"loc":{"start":{"line":91,"column":32},"end":{"line":100,"column":7}},"line":91},"9":{"name":"(anonymous_9)","decl":{"start":{"line":101,"column":6},"end":{"line":101,"column":7}},"loc":{"start":{"line":101,"column":36},"end":{"line":104,"column":7}},"line":101},"10":{"name":"(anonymous_10)","decl":{"start":{"line":105,"column":6},"end":{"line":105,"column":7}},"loc":{"start":{"line":105,"column":27},"end":{"line":108,"column":7}},"line":105},"11":{"name":"(anonymous_11)","decl":{"start":{"line":109,"column":6},"end":{"line":109,"column":7}},"loc":{"start":{"line":109,"column":96},"end":{"line":181,"column":7}},"line":109},"12":{"name":"(anonymous_12)","decl":{"start":{"line":121,"column":17},"end":{"line":121,"column":18}},"loc":{"start":{"line":121,"column":27},"end":{"line":129,"column":11}},"line":121},"13":{"name":"(anonymous_13)","decl":{"start":{"line":130,"column":14},"end":{"line":130,"column":15}},"loc":{"start":{"line":130,"column":24},"end":{"line":140,"column":11}},"line":130},"14":{"name":"(anonymous_14)","decl":{"start":{"line":141,"column":14},"end":{"line":141,"column":15}},"loc":{"start":{"line":141,"column":24},"end":{"line":154,"column":11}},"line":141},"15":{"name":"(anonymous_15)","decl":{"start":{"line":155,"column":14},"end":{"line":155,"column":15}},"loc":{"start":{"line":155,"column":24},"end":{"line":167,"column":11}},"line":155},"16":{"name":"(anonymous_16)","decl":{"start":{"line":157,"column":46},"end":{"line":157,"column":47}},"loc":{"start":{"line":157,"column":56},"end":{"line":157,"column":108}},"line":157},"17":{"name":"(anonymous_17)","decl":{"start":{"line":160,"column":34},"end":{"line":160,"column":35}},"loc":{"start":{"line":160,"column":39},"end":{"line":160,"column":72}},"line":160},"18":{"name":"(anonymous_18)","decl":{"start":{"line":170,"column":30},"end":{"line":170,"column":31}},"loc":{"start":{"line":170,"column":40},"end":{"line":172,"column":9}},"line":170},"19":{"name":"(anonymous_19)","decl":{"start":{"line":177,"column":10},"end":{"line":177,"column":11}},"loc":{"start":{"line":177,"column":18},"end":{"line":179,"column":11}},"line":177},"20":{"name":"(anonymous_20)","decl":{"start":{"line":182,"column":6},"end":{"line":182,"column":7}},"loc":{"start":{"line":182,"column":84},"end":{"line":223,"column":7}},"line":182},"21":{"name":"(anonymous_21)","decl":{"start":{"line":194,"column":17},"end":{"line":194,"column":18}},"loc":{"start":{"line":194,"column":26},"end":{"line":200,"column":11}},"line":194},"22":{"name":"(anonymous_22)","decl":{"start":{"line":201,"column":14},"end":{"line":201,"column":15}},"loc":{"start":{"line":201,"column":23},"end":{"line":207,"column":11}},"line":201},"23":{"name":"(anonymous_23)","decl":{"start":{"line":217,"column":117},"end":{"line":217,"column":118}},"loc":{"start":{"line":217,"column":131},"end":{"line":220,"column":9}},"line":217},"24":{"name":"(anonymous_24)","decl":{"start":{"line":231,"column":4},"end":{"line":231,"column":5}},"loc":{"start":{"line":231,"column":59},"end":{"line":243,"column":5}},"line":231}},"branchMap":{"0":{"loc":{"start":{"line":45,"column":4},"end":{"line":47,"column":5}},"type":"if","locations":[{"start":{"line":45,"column":4},"end":{"line":47,"column":5}},{"start":{"line":45,"column":4},"end":{"line":47,"column":5}}],"line":45},"1":{"loc":{"start":{"line":50,"column":21},"end":{"line":50,"column":40}},"type":"binary-expr","locations":[{"start":{"line":50,"column":21},"end":{"line":50,"column":34}},{"start":{"line":50,"column":38},"end":{"line":50,"column":40}}],"line":50},"2":{"loc":{"start":{"line":53,"column":12},"end":{"line":53,"column":41}},"type":"binary-expr","locations":[{"start":{"line":53,"column":12},"end":{"line":53,"column":17}},{"start":{"line":53,"column":21},"end":{"line":53,"column":41}}],"line":53},"3":{"loc":{"start":{"line":58,"column":4},"end":{"line":75,"column":5}},"type":"if","locations":[{"start":{"line":58,"column":4},"end":{"line":75,"column":5}},{"start":{"line":58,"column":4},"end":{"line":75,"column":5}}],"line":58},"4":{"loc":{"start":{"line":64,"column":8},"end":{"line":73,"column":9}},"type":"if","locations":[{"start":{"line":64,"column":8},"end":{"line":73,"column":9}},{"start":{"line":64,"column":8},"end":{"line":73,"column":9}}],"line":64},"5":{"loc":{"start":{"line":67,"column":12},"end":{"line":71,"column":13}},"type":"if","locations":[{"start":{"line":67,"column":12},"end":{"line":71,"column":13}},{"start":{"line":67,"column":12},"end":{"line":71,"column":13}}],"line":67},"6":{"loc":{"start":{"line":93,"column":8},"end":{"line":95,"column":9}},"type":"if","locations":[{"start":{"line":93,"column":8},"end":{"line":95,"column":9}},{"start":{"line":93,"column":8},"end":{"line":95,"column":9}}],"line":93},"7":{"loc":{"start":{"line":96,"column":8},"end":{"line":98,"column":9}},"type":"if","locations":[{"start":{"line":96,"column":8},"end":{"line":98,"column":9}},{"start":{"line":96,"column":8},"end":{"line":98,"column":9}}],"line":96},"8":{"loc":{"start":{"line":109,"column":12},"end":{"line":109,"column":94}},"type":"default-arg","locations":[{"start":{"line":109,"column":92},"end":{"line":109,"column":94}}],"line":109},"9":{"loc":{"start":{"line":109,"column":31},"end":{"line":109,"column":41}},"type":"default-arg","locations":[{"start":{"line":109,"column":40},"end":{"line":109,"column":41}}],"line":109},"10":{"loc":{"start":{"line":109,"column":43},"end":{"line":109,"column":56}},"type":"default-arg","locations":[{"start":{"line":109,"column":52},"end":{"line":109,"column":56}}],"line":109},"11":{"loc":{"start":{"line":114,"column":18},"end":{"line":114,"column":47}},"type":"binary-expr","locations":[{"start":{"line":114,"column":18},"end":{"line":114,"column":24}},{"start":{"line":114,"column":28},"end":{"line":114,"column":42}},{"start":{"line":114,"column":46},"end":{"line":114,"column":47}}],"line":114},"12":{"loc":{"start":{"line":120,"column":72},"end":{"line":120,"column":96}},"type":"binary-expr","locations":[{"start":{"line":120,"column":72},"end":{"line":120,"column":78}},{"start":{"line":120,"column":82},"end":{"line":120,"column":96}}],"line":120},"13":{"loc":{"start":{"line":120,"column":108},"end":{"line":120,"column":136}},"type":"binary-expr","locations":[{"start":{"line":120,"column":108},"end":{"line":120,"column":116}},{"start":{"line":120,"column":120},"end":{"line":120,"column":136}}],"line":120},"14":{"loc":{"start":{"line":122,"column":12},"end":{"line":128,"column":13}},"type":"if","locations":[{"start":{"line":122,"column":12},"end":{"line":128,"column":13}},{"start":{"line":122,"column":12},"end":{"line":128,"column":13}}],"line":122},"15":{"loc":{"start":{"line":131,"column":12},"end":{"line":137,"column":13}},"type":"if","locations":[{"start":{"line":131,"column":12},"end":{"line":137,"column":13}},{"start":{"line":131,"column":12},"end":{"line":137,"column":13}}],"line":131},"16":{"loc":{"start":{"line":132,"column":14},"end":{"line":136,"column":15}},"type":"if","locations":[{"start":{"line":132,"column":14},"end":{"line":136,"column":15}},{"start":{"line":132,"column":14},"end":{"line":136,"column":15}}],"line":132},"17":{"loc":{"start":{"line":143,"column":12},"end":{"line":147,"column":13}},"type":"if","locations":[{"start":{"line":143,"column":12},"end":{"line":147,"column":13}},{"start":{"line":143,"column":12},"end":{"line":147,"column":13}}],"line":143},"18":{"loc":{"start":{"line":144,"column":14},"end":{"line":144,"column":65}},"type":"binary-expr","locations":[{"start":{"line":144,"column":14},"end":{"line":144,"column":33}},{"start":{"line":144,"column":37},"end":{"line":144,"column":65}}],"line":144},"19":{"loc":{"start":{"line":145,"column":14},"end":{"line":145,"column":66}},"type":"binary-expr","locations":[{"start":{"line":145,"column":14},"end":{"line":145,"column":32}},{"start":{"line":145,"column":36},"end":{"line":145,"column":66}}],"line":145},"20":{"loc":{"start":{"line":146,"column":14},"end":{"line":146,"column":64}},"type":"binary-expr","locations":[{"start":{"line":146,"column":14},"end":{"line":146,"column":32}},{"start":{"line":146,"column":36},"end":{"line":146,"column":64}}],"line":146},"21":{"loc":{"start":{"line":149,"column":12},"end":{"line":153,"column":13}},"type":"if","locations":[{"start":{"line":149,"column":12},"end":{"line":153,"column":13}},{"start":{"line":149,"column":12},"end":{"line":153,"column":13}}],"line":149},"22":{"loc":{"start":{"line":156,"column":12},"end":{"line":166,"column":13}},"type":"if","locations":[{"start":{"line":156,"column":12},"end":{"line":166,"column":13}},{"start":{"line":156,"column":12},"end":{"line":166,"column":13}}],"line":156},"23":{"loc":{"start":{"line":157,"column":56},"end":{"line":157,"column":108}},"type":"cond-expr","locations":[{"start":{"line":157,"column":83},"end":{"line":157,"column":101}},{"start":{"line":157,"column":104},"end":{"line":157,"column":108}}],"line":157},"24":{"loc":{"start":{"line":159,"column":14},"end":{"line":163,"column":15}},"type":"if","locations":[{"start":{"line":159,"column":14},"end":{"line":163,"column":15}},{"start":{"line":159,"column":14},"end":{"line":163,"column":15}}],"line":159},"25":{"loc":{"start":{"line":182,"column":61},"end":{"line":182,"column":82}},"type":"default-arg","locations":[{"start":{"line":182,"column":80},"end":{"line":182,"column":82}}],"line":182},"26":{"loc":{"start":{"line":187,"column":8},"end":{"line":189,"column":9}},"type":"if","locations":[{"start":{"line":187,"column":8},"end":{"line":189,"column":9}},{"start":{"line":187,"column":8},"end":{"line":189,"column":9}}],"line":187},"27":{"loc":{"start":{"line":195,"column":12},"end":{"line":199,"column":13}},"type":"if","locations":[{"start":{"line":195,"column":12},"end":{"line":199,"column":13}},{"start":{"line":195,"column":12},"end":{"line":199,"column":13}}],"line":195},"28":{"loc":{"start":{"line":202,"column":12},"end":{"line":206,"column":13}},"type":"if","locations":[{"start":{"line":202,"column":12},"end":{"line":206,"column":13}},{"start":{"line":202,"column":12},"end":{"line":206,"column":13}}],"line":202},"29":{"loc":{"start":{"line":231,"column":16},"end":{"line":231,"column":46}},"type":"default-arg","locations":[{"start":{"line":231,"column":44},"end":{"line":231,"column":46}}],"line":231},"30":{"loc":{"start":{"line":231,"column":18},"end":{"line":231,"column":28}},"type":"default-arg","locations":[{"start":{"line":231,"column":27},"end":{"line":231,"column":28}}],"line":231},"31":{"loc":{"start":{"line":231,"column":30},"end":{"line":231,"column":39}},"type":"default-arg","locations":[{"start":{"line":231,"column":37},"end":{"line":231,"column":39}}],"line":231},"32":{"loc":{"start":{"line":231,"column":48},"end":{"line":231,"column":57}},"type":"default-arg","locations":[{"start":{"line":231,"column":55},"end":{"line":231,"column":57}}],"line":231},"33":{"loc":{"start":{"line":234,"column":30},"end":{"line":234,"column":50}},"type":"binary-expr","locations":[{"start":{"line":234,"column":30},"end":{"line":234,"column":42}},{"start":{"line":234,"column":46},"end":{"line":234,"column":50}}],"line":234},"34":{"loc":{"start":{"line":235,"column":67},"end":{"line":235,"column":87}},"type":"binary-expr","locations":[{"start":{"line":235,"column":67},"end":{"line":235,"column":79}},{"start":{"line":235,"column":83},"end":{"line":235,"column":87}}],"line":235},"35":{"loc":{"start":{"line":237,"column":6},"end":{"line":242,"column":7}},"type":"if","locations":[{"start":{"line":237,"column":6},"end":{"line":242,"column":7}},{"start":{"line":237,"column":6},"end":{"line":242,"column":7}}],"line":237}},"s":{"0":1,"1":1,"2":1,"3":1,"4":1,"5":1,"6":1,"7":1,"8":1,"9":2,"10":2,"11":2,"12":2,"13":1,"14":1,"15":0,"16":1,"17":1,"18":1,"19":1,"20":1,"21":0,"22":0,"23":0,"24":0,"25":0,"26":0,"27":0,"28":0,"29":0,"30":0,"31":0,"32":0,"33":0,"34":1,"35":0,"36":0,"37":0,"38":0,"39":0,"40":0,"41":0,"42":0,"43":0,"44":0,"45":0,"46":0,"47":0,"48":0,"49":0,"50":0,"51":0,"52":0,"53":0,"54":0,"55":0,"56":0,"57":0,"58":0,"59":0,"60":0,"61":0,"62":0,"63":0,"64":0,"65":0,"66":0,"67":0,"68":0,"69":0,"70":0,"71":0,"72":0,"73":0,"74":0,"75":0,"76":0,"77":0,"78":0,"79":0,"80":0,"81":0,"82":0,"83":0,"84":0,"85":0,"86":0,"87":0,"88":0,"89":0,"90":0,"91":0,"92":0,"93":0,"94":0,"95":0,"96":1,"97":2,"98":1,"99":1,"100":1,"101":1,"102":1,"103":1,"104":0,"105":0,"106":1},"f":{"0":2,"1":2,"2":1,"3":0,"4":0,"5":0,"6":0,"7":0,"8":0,"9":0,"10":0,"11":0,"12":0,"13":0,"14":0,"15":0,"16":0,"17":0,"18":0,"19":0,"20":0,"21":0,"22":0,"23":0,"24":1},"b":{"0":[0,1],"1":[1,1],"2":[1,1],"3":[0,1],"4":[0,0],"5":[0,0],"6":[0,0],"7":[0,0],"8":[0],"9":[0],"10":[0],"11":[0,0,0],"12":[0,0],"13":[0,0],"14":[0,0],"15":[0,0],"16":[0,0],"17":[0,0],"18":[0,0],"19":[0,0],"20":[0,0],"21":[0,0],"22":[0,0],"23":[0,0],"24":[0,0],"25":[0],"26":[0,0],"27":[0,0],"28":[0,0],"29":[1],"30":[1],"31":[1],"32":[1],"33":[1,1],"34":[1,1],"35":[0,1]},"_coverageSchema":"1a1c01bbd47fc00a2c39e90264f33305004495a9","hash":"33513666167873d6a54f0b08601154cca92646d3"}
,"/Users/eq04475/rd/fluid-state/packages/engine/src/store/index.js": {"path":"/Users/eq04475/rd/fluid-state/packages/engine/src/store/index.js","statementMap":{"0":{"start":{"line":24,"column":0},"end":{"line":26,"column":2}},"1":{"start":{"line":25,"column":2},"end":{"line":25,"column":49}}},"fnMap":{"0":{"name":"(anonymous_0)","decl":{"start":{"line":24,"column":17},"end":{"line":24,"column":18}},"loc":{"start":{"line":24,"column":53},"end":{"line":26,"column":1}},"line":24}},"branchMap":{"0":{"loc":{"start":{"line":24,"column":27},"end":{"line":24,"column":51}},"type":"default-arg","locations":[{"start":{"line":24,"column":49},"end":{"line":24,"column":51}}],"line":24},"1":{"loc":{"start":{"line":24,"column":29},"end":{"line":24,"column":44}},"type":"default-arg","locations":[{"start":{"line":24,"column":36},"end":{"line":24,"column":44}}],"line":24}},"s":{"0":1,"1":1},"f":{"0":1},"b":{"0":[1],"1":[1]},"_coverageSchema":"1a1c01bbd47fc00a2c39e90264f33305004495a9","hash":"222b78e05d351e6ad078ce24808123be14008a82"}
}
