TN:
SF:src/scope.js
FN:33,scopeFactory
FN:36,(anonymous_1)
FN:41,scope
FN:62,(anonymous_3)
FN:66,(anonymous_4)
FN:77,triggerReducers
FN:80,(anonymous_6)
FN:82,(anonymous_7)
FN:91,(anonymous_8)
FN:101,(anonymous_9)
FN:105,(anonymous_10)
FN:109,(anonymous_11)
FN:121,(anonymous_12)
FN:130,(anonymous_13)
FN:141,(anonymous_14)
FN:155,(anonymous_15)
FN:157,(anonymous_16)
FN:160,(anonymous_17)
FN:170,(anonymous_18)
FN:177,(anonymous_19)
FN:182,(anonymous_20)
FN:194,(anonymous_21)
FN:201,(anonymous_22)
FN:217,(anonymous_23)
FN:231,(anonymous_24)
FNF:25
FNH:4
FNDA:2,scopeFactory
FNDA:2,(anonymous_1)
FNDA:1,scope
FNDA:0,(anonymous_3)
FNDA:0,(anonymous_4)
FNDA:0,triggerReducers
FNDA:0,(anonymous_6)
FNDA:0,(anonymous_7)
FNDA:0,(anonymous_8)
FNDA:0,(anonymous_9)
FNDA:0,(anonymous_10)
FNDA:0,(anonymous_11)
FNDA:0,(anonymous_12)
FNDA:0,(anonymous_13)
FNDA:0,(anonymous_14)
FNDA:0,(anonymous_15)
FNDA:0,(anonymous_16)
FNDA:0,(anonymous_17)
FNDA:0,(anonymous_18)
FNDA:0,(anonymous_19)
FNDA:0,(anonymous_20)
FNDA:0,(anonymous_21)
FNDA:0,(anonymous_22)
FNDA:0,(anonymous_23)
FNDA:1,(anonymous_24)
DA:24,1
DA:25,1
DA:26,1
DA:27,1
DA:28,1
DA:29,1
DA:30,1
DA:31,1
DA:33,1
DA:34,2
DA:36,2
DA:39,2
DA:42,1
DA:45,1
DA:46,0
DA:49,1
DA:50,1
DA:53,1
DA:56,1
DA:58,1
DA:59,0
DA:62,0
DA:63,0
DA:64,0
DA:66,0
DA:67,0
DA:68,0
DA:70,0
DA:78,0
DA:79,0
DA:80,0
DA:82,0
DA:86,1
DA:92,0
DA:93,0
DA:94,0
DA:96,0
DA:97,0
DA:99,0
DA:102,0
DA:103,0
DA:106,0
DA:107,0
DA:110,0
DA:112,0
DA:120,0
DA:122,0
DA:124,0
DA:125,0
DA:126,0
DA:127,0
DA:131,0
DA:132,0
DA:133,0
DA:135,0
DA:139,0
DA:142,0
DA:143,0
DA:144,0
DA:145,0
DA:146,0
DA:149,0
DA:150,0
DA:152,0
DA:156,0
DA:157,0
DA:158,0
DA:159,0
DA:160,0
DA:162,0
DA:165,0
DA:170,0
DA:171,0
DA:174,0
DA:178,0
DA:183,0
DA:187,0
DA:188,0
DA:192,0
DA:193,0
DA:195,0
DA:196,0
DA:198,0
DA:202,0
DA:203,0
DA:205,0
DA:211,0
DA:213,0
DA:214,0
DA:217,0
DA:219,0
DA:222,0
DA:226,1
DA:229,2
DA:232,1
DA:233,1
DA:234,1
DA:235,1
DA:236,1
DA:237,1
DA:238,0
DA:239,0
DA:241,1
LF:103
LH:29
BRDA:45,0,0,0
BRDA:45,0,1,1
BRDA:50,1,0,1
BRDA:50,1,1,1
BRDA:53,2,0,1
BRDA:53,2,1,1
BRDA:58,3,0,0
BRDA:58,3,1,1
BRDA:64,4,0,0
BRDA:64,4,1,0
BRDA:67,5,0,0
BRDA:67,5,1,0
BRDA:93,6,0,0
BRDA:93,6,1,0
BRDA:96,7,0,0
BRDA:96,7,1,0
BRDA:109,8,0,0
BRDA:109,9,0,0
BRDA:109,10,0,0
BRDA:114,11,0,0
BRDA:114,11,1,0
BRDA:114,11,2,0
BRDA:120,12,0,0
BRDA:120,12,1,0
BRDA:120,13,0,0
BRDA:120,13,1,0
BRDA:122,14,0,0
BRDA:122,14,1,0
BRDA:131,15,0,0
BRDA:131,15,1,0
BRDA:132,16,0,0
BRDA:132,16,1,0
BRDA:143,17,0,0
BRDA:143,17,1,0
BRDA:144,18,0,0
BRDA:144,18,1,0
BRDA:145,19,0,0
BRDA:145,19,1,0
BRDA:146,20,0,0
BRDA:146,20,1,0
BRDA:149,21,0,0
BRDA:149,21,1,0
BRDA:156,22,0,0
BRDA:156,22,1,0
BRDA:157,23,0,0
BRDA:157,23,1,0
BRDA:159,24,0,0
BRDA:159,24,1,0
BRDA:182,25,0,0
BRDA:187,26,0,0
BRDA:187,26,1,0
BRDA:195,27,0,0
BRDA:195,27,1,0
BRDA:202,28,0,0
BRDA:202,28,1,0
BRDA:231,29,0,1
BRDA:231,30,0,1
BRDA:231,31,0,1
BRDA:231,32,0,1
BRDA:234,33,0,1
BRDA:234,33,1,1
BRDA:235,34,0,1
BRDA:235,34,1,1
BRDA:237,35,0,0
BRDA:237,35,1,1
BRF:65
BRH:15
end_of_record
TN:
SF:src/store/store.js
FN:24,(anonymous_0)
FNF:1
FNH:1
FNDA:1,(anonymous_0)
DA:24,1
DA:25,1
LF:2
LH:2
BRDA:24,0,0,1
BRDA:24,1,0,1
BRF:2
BRH:2
end_of_record
